<?xml version="1.0" encoding="UTF-8"?>
<!-- Generated by org.testng.reporters.JUnitXMLReporter -->
<testsuite hostname="L5152N13" ignored="0" name="Default test" tests="4" failures="0" timestamp="2022-09-04T16:36:02 IST" time="0.098" errors="0">
  <testcase name="example1" time="0.027" classname="Stack.ValidateParanthesis"/>
  <testcase name="example2" time="0.002" classname="Stack.ValidateParanthesis"/>
  <testcase name="example3" time="0.001" classname="Stack.ValidateParanthesis"/>
  <testcase name="example4" time="0.001" classname="Stack.ValidateParanthesis"/>
</testsuite> <!-- Default test -->
