<?xml version="1.0" encoding="UTF-8"?>
<testng-results skipped="0" failed="0" ignored="0" total="1" passed="1">
  <reporter-output>
  </reporter-output>
  <suite name="Default suite" duration-ms="31" started-at="2022-09-06T17:58:13 IST" finished-at="2022-09-06T17:58:13 IST">
    <groups>
    </groups>
    <test name="Default test" duration-ms="31" started-at="2022-09-06T17:58:13 IST" finished-at="2022-09-06T17:58:13 IST">
      <class name="leetcodechallenge.MissingNumber">
        <test-method status="PASS" signature="example1()[pri:0, instance:leetcodechallenge.MissingNumber@5bc79255]" name="example1" duration-ms="0" started-at="2022-09-06T17:58:13 IST" finished-at="2022-09-06T17:58:13 IST">
          <reporter-output>
          </reporter-output>
        </test-method> <!-- example1 -->
      </class> <!-- leetcodechallenge.MissingNumber -->
    </test> <!-- Default test -->
  </suite> <!-- Default suite -->
</testng-results>
